2026-02-09 15:55:43,114 - INFO - Initializing GitHub Committer...
2026-02-09 15:55:43,114 - INFO - Loaded configuration: 696 commit messages
2026-02-09 15:55:43,114 - INFO - Using project path: D:\Projects\Practice Projects\Git\Github-Commit\Shopify_Webhook_Handler
2026-02-09 15:55:43,115 - INFO - Initializing new git repository at D:\Projects\Practice Projects\Git\Github-Commit\Shopify_Webhook_Handler
2026-02-09 15:55:43,283 - INFO - Created remote 'origin' for danielbrown980317-arch/test
2026-02-09 15:55:45,303 - INFO - GitHub authentication successful: danielbrown980317-arch
2026-02-09 15:55:45,304 - INFO - Initialization complete
2026-02-09 15:55:45,305 - INFO - Generated schedule: 29 weekdays, 5 weekend days, 3 sick days skipped
2026-02-09 15:55:45,305 - INFO - Schedule: 34 days, 642 total commits
2026-02-09 15:55:45,306 - INFO - Already completed: 0 commits
2026-02-09 15:55:45,308 - INFO - Modified 4 files
2026-02-09 15:55:46,098 - INFO - Created commit: Fix: Update documentation...
2026-02-09 15:55:46,098 - INFO - [OK] Commit created: Fix: Update documentation
2026-02-09 15:55:49,160 - INFO - Pushed to GitHub: master
2026-02-09 15:55:50,170 - INFO - Modified 4 files
2026-02-09 15:55:50,656 - INFO - Created commit: Feat: Add new feature...
2026-02-09 15:55:50,656 - INFO - [OK] Commit created: Feat: Add new feature
2026-02-09 15:55:54,024 - INFO - Pushed to GitHub: master
2026-02-09 15:55:55,034 - INFO - Modified 4 files
2026-02-09 15:55:55,318 - INFO - Created commit: Refactor: Improve code structure...
2026-02-09 15:55:55,319 - INFO - [OK] Commit created: Refactor: Improve code structure
2026-02-09 15:55:58,152 - INFO - Pushed to GitHub: master
2026-02-09 15:55:59,163 - INFO - Modified 4 files
2026-02-09 15:55:59,417 - INFO - Created commit: Fix: Resolve bug in authentication...
2026-02-09 15:55:59,417 - INFO - [OK] Commit created: Fix: Resolve bug in authentication
2026-02-09 15:56:02,140 - INFO - Pushed to GitHub: master
2026-02-09 15:56:03,154 - INFO - Modified 4 files
2026-02-09 15:56:03,455 - INFO - Created commit: Feat: Implement user dashboard...
2026-02-09 15:56:03,456 - INFO - [OK] Commit created: Feat: Implement user dashboard
2026-02-09 15:56:06,390 - INFO - Pushed to GitHub: master
2026-02-09 15:56:07,404 - INFO - Modified 4 files
2026-02-09 15:56:07,653 - INFO - Created commit: Docs: Update API documentation...
2026-02-09 15:56:07,654 - INFO - [OK] Commit created: Docs: Update API documentation
2026-02-09 15:56:10,276 - INFO - Pushed to GitHub: master
2026-02-09 15:56:11,294 - INFO - Modified 4 files
2026-02-09 15:56:11,537 - INFO - Created commit: Fix: Correct validation logic...
2026-02-09 15:56:11,538 - INFO - [OK] Commit created: Fix: Correct validation logic
2026-02-09 15:56:14,196 - INFO - Pushed to GitHub: master
2026-02-09 15:56:15,221 - INFO - Modified 4 files
2026-02-09 15:56:15,510 - INFO - Created commit: Feat: Add error handling...
2026-02-09 15:56:15,511 - INFO - [OK] Commit created: Feat: Add error handling
2026-02-09 15:56:18,113 - INFO - Pushed to GitHub: master
2026-02-09 15:56:19,128 - INFO - Modified 4 files
